
ROM used:   133/8192 (2%)
            133/8192 (2%) including unused fragments

            0.1 Average locations per line
            1.2 Average locations per statement

RAM used:   6/368 (2%) at main() level
            9/368 (2%) worst case

Stack used: 1 worst case (1 in main + 0 for interrupts)
Stack size: 8

Lines Stmts  %   Files
----- ----- ---  -----
  133    12  11  main.c
   10     0   0  main.h
  769     0   0  C:\Program Files (x86)\PICC\Devices\16F887.h
  456   100  89  C:\Program Files (x86)\PICC\Drivers\lcd.c
----- -----
 1368   112 Total

Page ROM  %  RAM    Vol Diff  Functions:
---- --- --- ---    --- ----  ----------
0     23  17    1             @delay_ms1
0     13  10    1             @delay_us1
0     93  70    1    248  3.2  MAIN
 Inline         0    300  4.6  @cinit1

Program metrics:
    Functions               2
    Statements              112
    Comments                330
    Volume (V)              660
    Difficulty (D)          7.5
    Effort to implement (E) 4961
    Time to implement (T)   5 minutes
    Est Delivered Bugs (B)  0
    Cyclomatic Complexity   5
    Maintainability (MI)    118

 Segment     Used  Free
-----------  ----  ----
00000-00003     4  0  
00004-007FF   129  1915  
00800-00FFF     0  2048  
01000-017FF     0  2048  
01800-01FFF     0  2048  



